#
# There is insufficient memory for the Java Runtime Environment to continue.
# Native memory allocation (mmap) failed to map 1048576 bytes for G1 virtual space
# Possible reasons:
#   The system is out of physical RAM or swap space
#   The process is running with CompressedOops enabled, and the Java Heap may be blocking the growth of the native heap
# Possible solutions:
#   Reduce memory load on the system
#   Increase physical memory or swap space
#   Check if swap backing store is full
#   Decrease Java heap size (-Xmx/-Xms)
#   Decrease number of Java threads
#   Decrease Java thread stack sizes (-Xss)
#   Set larger code cache with -XX:ReservedCodeCacheSize=
#   JVM is running with Unscaled Compressed Oops mode in which the Java heap is
#     placed in the first 4GB address space. The Java Heap base address is the
#     maximum limit for the native heap growth. Please use -XX:HeapBaseMinAddress
#     to set the Java Heap base and to place the Java Heap above 4GB virtual address.
# This output file may be truncated or incomplete.
#
#  Out of Memory Error (os_windows.cpp:3613), pid=2136, tid=21732
#
# JRE version:  (17.0.10+7) (build )
# Java VM: OpenJDK 64-Bit Server VM (17.0.10+7-LTS, mixed mode, sharing, tiered, compressed oops, compressed class ptrs, g1 gc, windows-amd64)
# No core dump will be written. Minidumps are not enabled by default on client versions of Windows
#

---------------  S U M M A R Y ------------

Command Line: -Xmx64m -Xms64m -Dorg.gradle.appname=gradlew org.gradle.wrapper.GradleWrapperMain app:installDebug -PreactNativeDevServerPort=8081

Host: Intel(R) Core(TM) i7-8550U CPU @ 1.80GHz, 8 cores, 15G,  Windows 11 , 64 bit Build 22621 (10.0.22621.3235)
Time: Tue Apr 30 16:02:01 2024 India Standard Time elapsed time: 0.024992 seconds (0d 0h 0m 0s)

---------------  T H R E A D  ---------------

Current thread (0x000001b38b2de550):  JavaThread "Unknown thread" [_thread_in_vm, id=21732, stack(0x0000007b34000000,0x0000007b34100000)]

Stack: [0x0000007b34000000,0x0000007b34100000]
Native frames: (J=compiled Java code, j=interpreted, Vv=VM code, C=native code)
V  [jvm.dll+0x67f829]
V  [jvm.dll+0x83750a]
V  [jvm.dll+0x838fce]
V  [jvm.dll+0x839633]
V  [jvm.dll+0x247cbf]
V  [jvm.dll+0x67c669]
V  [jvm.dll+0x6710da]
V  [jvm.dll+0x309b8b]
V  [jvm.dll+0x311036]
V  [jvm.dll+0x360d88]
V  [jvm.dll+0x360f8f]
V  [jvm.dll+0x2e0798]
V  [jvm.dll+0x2e1704]
V  [jvm.dll+0x808d91]
V  [jvm.dll+0x36ec11]
V  [jvm.dll+0x7e7826]
V  [jvm.dll+0x3f245f]
V  [jvm.dll+0x3f4091]
C  [jli.dll+0x528f]
C  [ucrtbase.dll+0x29363]
C  [KERNEL32.DLL+0x1257d]
C  [ntdll.dll+0x5aa58]


---------------  P R O C E S S  ---------------

Threads class SMR info:
_java_thread_list=0x00007ffe76a91ed8, length=0, elements={
}

Java Threads: ( => current thread )

Other Threads:
  0x000001b38b2fd940 GCTaskThread "GC Thread#0" [stack: 0x0000007b34100000,0x0000007b34200000] [id=21468]
  0x000001b38b2ff090 ConcurrentGCThread "G1 Main Marker" [stack: 0x0000007b34200000,0x0000007b34300000] [id=16524]
  0x000001b38b300ac0 ConcurrentGCThread "G1 Conc#0" [stack: 0x0000007b34300000,0x0000007b34400000] [id=12444]

[error occurred during error reporting (printing all threads), id 0xc0000005, EXCEPTION_ACCESS_VIOLATION (0xc0000005) at pc=0x00007ffe762511d7]

VM state: not at safepoint (not fully initialized)

VM Mutex/Monitor currently owned by a thread:  ([mutex/lock_event])
[0x000001b38b2d8920] Heap_lock - owner thread: 0x000001b38b2de550

Heap address: 0x00000000fc000000, size: 64 MB, Compressed Oops mode: 32-bit

CDS archive(s) mapped at: [0x0000000000000000-0x0000000000000000-0x0000000000000000), size 0, SharedBaseAddress: 0x0000000800000000, ArchiveRelocationMode: 1.
Narrow klass base: 0x0000000000000000, Narrow klass shift: 0, Narrow klass range: 0x0

GC Precious Log:
<Empty>

Heap:
 garbage-first heap   total 0K, used 0K [0x00000000fc000000, 0x0000000100000000)
  region size 1024K, 0 young (0K), 0 survivors (0K)

[error occurred during error reporting (printing heap information), id 0xc0000005, EXCEPTION_ACCESS_VIOLATION (0xc0000005) at pc=0x00007ffe76639869]

GC Heap History (0 events):
No events

Dll operation events (1 events):
Event: 0.015 Loaded shared library C:\Program Files\Microsoft\jdk-17.0.10.7-hotspot\bin\java.dll

Deoptimization events (0 events):
No events

Classes unloaded (0 events):
No events

Classes redefined (0 events):
No events

Internal exceptions (0 events):
No events

VM Operations (0 events):
No events

Events (0 events):
No events


Dynamic libraries:
0x00007ff6232e0000 - 0x00007ff6232ee000 	C:\Program Files\Microsoft\jdk-17.0.10.7-hotspot\bin\java.exe
0x00007ffebf590000 - 0x00007ffebf7a6000 	C:\WINDOWS\SYSTEM32\ntdll.dll
0x00007ffebe570000 - 0x00007ffebe634000 	C:\WINDOWS\System32\KERNEL32.DLL
0x00007ffebce10000 - 0x00007ffebd1b6000 	C:\WINDOWS\System32\KERNELBASE.dll
0x00007ffebd1c0000 - 0x00007ffebd2d1000 	C:\WINDOWS\System32\ucrtbase.dll
0x00007ffeb1050000 - 0x00007ffeb106b000 	C:\Program Files\Microsoft\jdk-17.0.10.7-hotspot\bin\VCRUNTIME140.dll
0x00007ffeb1070000 - 0x00007ffeb1087000 	C:\Program Files\Microsoft\jdk-17.0.10.7-hotspot\bin\jli.dll
0x00007ffebe7e0000 - 0x00007ffebe98d000 	C:\WINDOWS\System32\USER32.dll
0x00007ffea98d0000 - 0x00007ffea9b63000 	C:\WINDOWS\WinSxS\amd64_microsoft.windows.common-controls_6595b64144ccf1df_6.0.22621.3235_none_270f74e173860f98\COMCTL32.dll
0x00007ffebca60000 - 0x00007ffebca86000 	C:\WINDOWS\System32\win32u.dll
0x00007ffebeac0000 - 0x00007ffebeb67000 	C:\WINDOWS\System32\msvcrt.dll
0x00007ffebf320000 - 0x00007ffebf349000 	C:\WINDOWS\System32\GDI32.dll
0x00007ffebcac0000 - 0x00007ffebcbd8000 	C:\WINDOWS\System32\gdi32full.dll
0x00007ffebc9c0000 - 0x00007ffebca5a000 	C:\WINDOWS\System32\msvcp_win.dll
0x00007ffebe530000 - 0x00007ffebe561000 	C:\WINDOWS\System32\IMM32.DLL
0x00007ffeb8290000 - 0x00007ffeb829c000 	C:\Program Files\Microsoft\jdk-17.0.10.7-hotspot\bin\vcruntime140_1.dll
0x00007ffeb0fc0000 - 0x00007ffeb104d000 	C:\Program Files\Microsoft\jdk-17.0.10.7-hotspot\bin\msvcp140.dll
0x00007ffe75f60000 - 0x00007ffe76bc5000 	C:\Program Files\Microsoft\jdk-17.0.10.7-hotspot\bin\server\jvm.dll
0x00007ffebe470000 - 0x00007ffebe522000 	C:\WINDOWS\System32\ADVAPI32.dll
0x00007ffebf090000 - 0x00007ffebf138000 	C:\WINDOWS\System32\sechost.dll
0x00007ffebca90000 - 0x00007ffebcab8000 	C:\WINDOWS\System32\bcrypt.dll
0x00007ffebdb60000 - 0x00007ffebdc75000 	C:\WINDOWS\System32\RPCRT4.dll
0x00007ffebb760000 - 0x00007ffebb7ad000 	C:\WINDOWS\SYSTEM32\POWRPROF.dll
0x00007ffeb50b0000 - 0x00007ffeb50b9000 	C:\WINDOWS\SYSTEM32\WSOCK32.dll
0x00007ffeb4f20000 - 0x00007ffeb4f54000 	C:\WINDOWS\SYSTEM32\WINMM.dll
0x00007ffebe230000 - 0x00007ffebe2a1000 	C:\WINDOWS\System32\WS2_32.dll
0x00007ffeb25f0000 - 0x00007ffeb25fa000 	C:\WINDOWS\SYSTEM32\VERSION.dll
0x00007ffebb740000 - 0x00007ffebb753000 	C:\WINDOWS\SYSTEM32\UMPDC.dll
0x00007ffebba00000 - 0x00007ffebba18000 	C:\WINDOWS\SYSTEM32\kernel.appcore.dll
0x00007ffeb4a90000 - 0x00007ffeb4a9a000 	C:\Program Files\Microsoft\jdk-17.0.10.7-hotspot\bin\jimage.dll
0x00007ffeba170000 - 0x00007ffeba3a3000 	C:\WINDOWS\SYSTEM32\DBGHELP.DLL
0x00007ffebdc80000 - 0x00007ffebe008000 	C:\WINDOWS\System32\combase.dll
0x00007ffebe380000 - 0x00007ffebe457000 	C:\WINDOWS\System32\OLEAUT32.dll
0x00007ffe996f0000 - 0x00007ffe99722000 	C:\WINDOWS\SYSTEM32\dbgcore.DLL
0x00007ffebc8d0000 - 0x00007ffebc94a000 	C:\WINDOWS\System32\bcryptPrimitives.dll
0x00007ffeb0f90000 - 0x00007ffeb0fb5000 	C:\Program Files\Microsoft\jdk-17.0.10.7-hotspot\bin\java.dll

dbghelp: loaded successfully - version: 4.0.5 - missing functions: none
symbol engine: initialized successfully - sym options: 0x614 - pdb path: .;C:\Program Files\Microsoft\jdk-17.0.10.7-hotspot\bin;C:\WINDOWS\SYSTEM32;C:\WINDOWS\WinSxS\amd64_microsoft.windows.common-controls_6595b64144ccf1df_6.0.22621.3235_none_270f74e173860f98;C:\Program Files\Microsoft\jdk-17.0.10.7-hotspot\bin\server

VM Arguments:
jvm_args: -Xmx64m -Xms64m -Dorg.gradle.appname=gradlew 
java_command: org.gradle.wrapper.GradleWrapperMain app:installDebug -PreactNativeDevServerPort=8081
java_class_path (initial): D:\TaskManagerApp\android\\gradle\wrapper\gradle-wrapper.jar
Launcher Type: SUN_STANDARD

[Global flags]
     intx CICompilerCount                          = 4                                         {product} {ergonomic}
     uint ConcGCThreads                            = 2                                         {product} {ergonomic}
     uint G1ConcRefinementThreads                  = 8                                         {product} {ergonomic}
   size_t G1HeapRegionSize                         = 1048576                                   {product} {ergonomic}
    uintx GCDrainStackTargetSize                   = 64                                        {product} {ergonomic}
   size_t InitialHeapSize                          = 67108864                                  {product} {command line}
   size_t MarkStackSize                            = 4194304                                   {product} {ergonomic}
   size_t MaxHeapSize                              = 67108864                                  {product} {command line}
   size_t MinHeapDeltaBytes                        = 1048576                                   {product} {ergonomic}
   size_t MinHeapSize                              = 67108864                                  {product} {command line}
    uintx NonNMethodCodeHeapSize                   = 5839372                                {pd product} {ergonomic}
    uintx NonProfiledCodeHeapSize                  = 122909434                              {pd product} {ergonomic}
    uintx ProfiledCodeHeapSize                     = 122909434                              {pd product} {ergonomic}
    uintx ReservedCodeCacheSize                    = 251658240                              {pd product} {ergonomic}
     bool SegmentedCodeCache                       = true                                      {product} {ergonomic}
   size_t SoftMaxHeapSize                          = 67108864                               {manageable} {ergonomic}
     bool UseCompressedClassPointers               = true                           {product lp64_product} {ergonomic}
     bool UseCompressedOops                        = true                           {product lp64_product} {ergonomic}
     bool UseG1GC                                  = true                                      {product} {ergonomic}
     bool UseLargePagesIndividualAllocation        = false                                  {pd product} {ergonomic}

Logging:
Log output configuration:
 #0: stdout all=warning uptime,level,tags
 #1: stderr all=off uptime,level,tags

Environment Variables:
JAVA_HOME=C:\Program Files\Microsoft\jdk-17.0.10.7-hotspot\
CLASSPATH=D:\TaskManagerApp\android\\gradle\wrapper\gradle-wrapper.jar
PATH=D:\TaskManagerApp\node_modules\.bin;D:\TaskManagerApp\node_modules\.bin;D:\node_modules\.bin;C:\Users\Isha\AppData\Roaming\npm\node_modules\npm\node_modules\@npmcli\run-script\lib\node-gyp-bin;D:\TaskManagerApp\node_modules\.bin;D:\node_modules\.bin;C:\Users\Isha\AppData\Roaming\npm\node_modules\npm\node_modules\@npmcli\run-script\lib\node-gyp-bin;C:\Program Files\Microsoft\jdk-17.0.10.7-hotspot\bin;C:\Program Files\Common Files\Oracle\Java\javapath;C:\WINDOWS\system32;C:\WINDOWS;C:\WINDOWS\System32\Wbem;C:\WINDOWS\System32\WindowsPowerShell\v1.0\;C:\WINDOWS\System32\OpenSSH\;C:\PHP;C:\ProgramData\ComposerSetup\bin;C:\Program Files (x86)\dotnet\;C:\xampp\php;C:\Program Files\Git\cmd;C:\ProgramData\chocolatey\bin;C:\Program Files\nodejs\;C:\Users\Isha\AppData\Local\Microsoft\WindowsApps;C:\Users\Isha\AppData\Roaming\Composer\vendor\bin;C:\xampp\php;C:\Users\Isha\AppData\Local\Programs\Microsoft VS Code\bin;C:\Users\Isha\AppData\Roaming\npm
USERNAME=WEB TEAM
OS=Windows_NT
PROCESSOR_IDENTIFIER=Intel64 Family 6 Model 142 Stepping 10, GenuineIntel
TMP=C:\Users\Isha\AppData\Local\Temp
TEMP=C:\Users\Isha\AppData\Local\Temp



Periodic native trim disabled


---------------  S Y S T E M  ---------------

OS:
 Windows 11 , 64 bit Build 22621 (10.0.22621.3235)
OS uptime: 1 days 4:59 hours

CPU: total 8 (initial active 8) (4 cores per cpu, 2 threads per core) family 6 model 142 stepping 10 microcode 0xf0, cx8, cmov, fxsr, ht, mmx, 3dnowpref, sse, sse2, sse3, ssse3, sse4.1, sse4.2, popcnt, lzcnt, tsc, tscinvbit, avx, avx2, aes, erms, clmul, bmi1, bmi2, adx, fma, vzeroupper, clflush, clflushopt
Processor Information for all 8 processors :
  Max Mhz: 1992, Current Mhz: 1792, Mhz Limit: 1792

Memory: 4k page, system-wide physical 16278M (1855M free)
TotalPageFile size 28682M (AvailPageFile size 4M)
current process WorkingSet (physical memory assigned to process): 11M, peak: 11M
current process commit charge ("private bytes"): 124M, peak: 125M

vm_info: OpenJDK 64-Bit Server VM (17.0.10+7-LTS) for windows-amd64 JRE (17.0.10+7-LTS), built on Jan 10 2024 19:47:12 by "MicrosoftCorporation" with MS VC++ 16.10 / 16.11 (VS2019)

END.
